<?xml version="1.0" encoding="UTF-8"?>
<!-- Generated by org.testng.reporters.JUnitXMLReporter -->
<testsuite hostname="victorias-MacBook-Pro-3.local" ignored="0" name="Default test" tests="3" failures="0" timestamp="20 May 2018 04:52:09 GMT" time="0.033" errors="0">
  <testcase name="subtract_test_2_param" time="0.012" classname="core.SubtractTest"/>
  <testcase name="subtract_test_3_param" time="0.002" classname="core.SubtractTest"/>
  <testcase name="subtract_test_4_param" time="0.002" classname="core.SubtractTest"/>
</testsuite> <!-- Default test -->
