<?xml version="1.0" encoding="UTF-8"?>
<testng-results skipped="0" failed="0" ignored="0" total="3" passed="3">
  <reporter-output>
  </reporter-output>
  <suite name="Default suite" duration-ms="33" started-at="2018-05-20T04:52:09Z" finished-at="2018-05-20T04:52:09Z">
    <groups>
    </groups>
    <test name="Default test" duration-ms="33" started-at="2018-05-20T04:52:09Z" finished-at="2018-05-20T04:52:09Z">
      <class name="core.SubtractTest">
        <test-method status="PASS" signature="subtract_test_2_param()[pri:0, instance:core.SubtractTest@1e7c7811]" name="subtract_test_2_param" duration-ms="12" started-at="2018-05-20T04:52:09Z" finished-at="2018-05-20T04:52:09Z">
          <reporter-output>
          </reporter-output>
        </test-method> <!-- subtract_test_2_param -->
        <test-method status="PASS" signature="subtract_test_3_param()[pri:0, instance:core.SubtractTest@1e7c7811]" name="subtract_test_3_param" duration-ms="2" started-at="2018-05-20T04:52:09Z" finished-at="2018-05-20T04:52:09Z">
          <reporter-output>
          </reporter-output>
        </test-method> <!-- subtract_test_3_param -->
        <test-method status="PASS" signature="subtract_test_4_param()[pri:0, instance:core.SubtractTest@1e7c7811]" name="subtract_test_4_param" duration-ms="2" started-at="2018-05-20T04:52:09Z" finished-at="2018-05-20T04:52:09Z">
          <reporter-output>
          </reporter-output>
        </test-method> <!-- subtract_test_4_param -->
      </class> <!-- core.SubtractTest -->
    </test> <!-- Default test -->
  </suite> <!-- Default suite -->
</testng-results>
